This file contains any messages produced by compilers while
running configure, to aid debugging if configure makes a mistake.

It was created by configure, which was
generated by GNU Autoconf 2.63.  Invocation command line was

  $ ./configure --with-apxs=/usr/sbin/apxs

## --------- ##
## Platform. ##
## --------- ##

hostname = localhost.localdomain
uname -m = x86_64
uname -r = 2.6.32-431.el6.x86_64
uname -s = Linux
uname -v = #1 SMP Fri Nov 22 03:15:09 UTC 2013

/usr/bin/uname -p = unknown
/bin/uname -X     = unknown

/bin/arch              = x86_64
/usr/bin/arch -k       = unknown
/usr/convex/getsysinfo = unknown
/usr/bin/hostinfo      = unknown
/bin/machine           = unknown
/usr/bin/oslevel       = unknown
/bin/universe          = unknown

PATH: /usr/lib64/qt-3.3/bin
PATH: /usr/local/sbin
PATH: /usr/local/bin
PATH: /sbin
PATH: /bin
PATH: /usr/sbin
PATH: /usr/bin
PATH: /root/cheung/bin
PATH: /root/bin


## ----------- ##
## Core tests. ##
## ----------- ##

configure:1822: checking for gcc
configure:1838: found /usr/bin/gcc
configure:1849: result: gcc
configure:2081: checking for C compiler version
configure:2089: gcc --version >&5
gcc (GCC) 4.4.7 20120313 (Red Hat 4.4.7-18)
Copyright (C) 2010 Free Software Foundation, Inc.
This is free software; see the source for copying conditions.  There is NO
warranty; not even for MERCHANTABILITY or FITNESS FOR A PARTICULAR PURPOSE.

configure:2093: $? = 0
configure:2100: gcc -v >&5
Using built-in specs.
Target: x86_64-redhat-linux
Configured with: ../configure --prefix=/usr --mandir=/usr/share/man --infodir=/usr/share/info --with-bugurl=http://bugzilla.redhat.com/bugzilla --enable-bootstrap --enable-shared --enable-threads=posix --enable-checking=release --with-system-zlib --enable-__cxa_atexit --disable-libunwind-exceptions --enable-gnu-unique-object --enable-languages=c,c++,objc,obj-c++,java,fortran,ada --enable-java-awt=gtk --disable-dssi --with-java-home=/usr/lib/jvm/java-1.5.0-gcj-1.5.0.0/jre --enable-libgcj-multifile --enable-java-maintainer-mode --with-ecj-jar=/usr/share/java/eclipse-ecj.jar --disable-libjava-multilib --with-ppl --with-cloog --with-tune=generic --with-arch_32=i686 --build=x86_64-redhat-linux
Thread model: posix
gcc version 4.4.7 20120313 (Red Hat 4.4.7-18) (GCC) 
configure:2104: $? = 0
configure:2111: gcc -V >&5
gcc: '-V' option must have argument
configure:2115: $? = 1
configure:2138: checking for C compiler default output file name
configure:2160: gcc    conftest.c  >&5
configure:2164: $? = 0
configure:2202: result: a.out
configure:2221: checking whether the C compiler works
configure:2231: ./a.out
configure:2235: $? = 0
configure:2254: result: yes
configure:2261: checking whether we are cross compiling
configure:2263: result: no
configure:2266: checking for suffix of executables
configure:2273: gcc -o conftest    conftest.c  >&5
configure:2277: $? = 0
configure:2303: result: 
configure:2309: checking for suffix of object files
configure:2335: gcc -c   conftest.c >&5
configure:2339: $? = 0
configure:2364: result: o
configure:2368: checking whether we are using the GNU C compiler
configure:2397: gcc -c   conftest.c >&5
configure:2404: $? = 0
configure:2421: result: yes
configure:2430: checking whether gcc accepts -g
configure:2460: gcc -c -g  conftest.c >&5
configure:2467: $? = 0
configure:2568: result: yes
configure:2585: checking for gcc option to accept ISO C89
configure:2659: gcc  -c -g -O2  conftest.c >&5
configure:2666: $? = 0
configure:2689: result: none needed
configure:2712: checking for ar
configure:2728: found /usr/bin/ar
configure:2739: result: ar
configure:2796: checking for a BSD-compatible install
configure:2864: result: /usr/bin/install -c
configure:2875: checking whether make sets $(MAKE)
configure:2897: result: yes
configure:2909: checking for main in -lm
configure:2938: gcc -o conftest -g -O2   conftest.c -lm   >&5
configure:2945: $? = 0
configure:2966: result: yes
configure:2979: checking for an ANSI C-conforming const
configure:3054: gcc -c -g -O2  conftest.c >&5
configure:3061: $? = 0
configure:3076: result: yes
configure:3088: checking your blood pressure
configure:3090: result: a bit high, but we can proceed
configure:3094: checking whether apxs is available...
configure:3176: checking Apache version
configure:3181: result: 2.2.15
configure:3192: checking for Apache libexec directory
configure:3195: result: /usr/lib64/httpd/modules
configure:3199: checking for Apache include directory
configure:3202: result: -I/usr/include/httpd
configure:3270: checking for --with-python
configure:3281: result: no
configure:3290: checking for python
configure:3308: found /usr/bin/python
configure:3320: result: /usr/bin/python
configure:3336: checking Python version
configure:3341: result: 2.6
configure:3450: checking for --with-mutex-dir
configure:3461: result: no
configure:3470: result: Using MUTEX_DIR /tmp
configure:3475: checking for --with-max-locks
configure:3486: result: no
configure:3494: result: Using 8 MAX_LOCKS.
configure:3502: checking for --with-flex
configure:3513: result: no
configure:3522: checking for flex
configure:3555: result: no
configure:3594: WARNING: flex  not found
  You can generally ignore this warning unless you need to regenerate
  psp_parser.c from psp_parse.l.  If you do need regenerate psp_parser.c,
  use --with-flex to specify the location of flex.
  See the README for more information.
configure:3745: creating ./config.status

## ---------------------- ##
## Running config.status. ##
## ---------------------- ##

This file was extended by config.status, which was
generated by GNU Autoconf 2.63.  Invocation command line was

  CONFIG_FILES    = 
  CONFIG_HEADERS  = 
  CONFIG_LINKS    = 
  CONFIG_COMMANDS = 
  $ ./config.status 

on localhost.localdomain

config.status:676: creating Makefile
config.status:676: creating src/Makefile
config.status:676: creating Doc/Makefile
config.status:676: creating src/include/mod_python.h
config.status:676: creating test/Makefile
config.status:676: creating dist/setup.py
config.status:676: creating dist/Makefile
config.status:676: creating scripts/Makefile
config.status:676: creating scripts/mod_python

## ---------------- ##
## Cache variables. ##
## ---------------- ##

ac_cv_c_compiler_gnu=yes
ac_cv_c_const=yes
ac_cv_env_CC_set=
ac_cv_env_CC_value=
ac_cv_env_CFLAGS_set=
ac_cv_env_CFLAGS_value=
ac_cv_env_CPPFLAGS_set=
ac_cv_env_CPPFLAGS_value=
ac_cv_env_LDFLAGS_set=
ac_cv_env_LDFLAGS_value=
ac_cv_env_LIBS_set=
ac_cv_env_LIBS_value=
ac_cv_env_build_alias_set=
ac_cv_env_build_alias_value=
ac_cv_env_host_alias_set=
ac_cv_env_host_alias_value=
ac_cv_env_target_alias_set=
ac_cv_env_target_alias_value=
ac_cv_lib_m_main=yes
ac_cv_objext=o
ac_cv_path_PYTHON_BIN=/usr/bin/python
ac_cv_path_install='/usr/bin/install -c'
ac_cv_prog_AR=ar
ac_cv_prog_ac_ct_CC=gcc
ac_cv_prog_cc_c89=
ac_cv_prog_cc_g=yes
ac_cv_prog_make_make_set=yes

## ----------------- ##
## Output variables. ##
## ----------------- ##

ALL='dso'
APR_VERSION='1.3.9'
APXS='/usr/sbin/apxs'
AP_SRC=''
AP_SRC_GRP=''
AP_SRC_OWN=''
AR='ar'
ARCHFLAGS=''
CC='gcc'
CFLAGS=''
CPPFLAGS='-I/usr/include/python2.6 -D_GNU_SOURCE -DNDEBUG -D_GNU_SOURCE'
DEFS='-DPACKAGE_NAME=\"\" -DPACKAGE_TARNAME=\"\" -DPACKAGE_VERSION=\"\" -DPACKAGE_STRING=\"\" -DPACKAGE_BUGREPORT=\"\" -DHAVE_LIBM=1'
DSO='do_dso'
ECHO_C=''
ECHO_N='-n'
ECHO_T=''
EXEEXT=''
HTTPD='/usr/sbin/httpd'
HTTPD_VERSION='2.2.15'
INCLUDES='-I/home/cheungssh/soft/mod_python-3.5.0/src/include'
INSTALL_DATA='${INSTALL} -m 644'
INSTALL_PROGRAM='${INSTALL}'
INSTALL_SCRIPT='${INSTALL}'
LDFLAGS='-L/usr/lib64 -L/usr/lib64/python2.6/config'
LDLIBS='-lpython2.6 -lpthread -ldl  -lutil'
LEX=''
LIBEXECDIR='/usr/lib64/httpd/modules'
LIBOBJS=''
LIBS='-lm '
LTLIBOBJS=''
MAX_LOCKS='8'
MUTEX_DIR='/tmp'
OBJEXT='o'
PACKAGE_BUGREPORT=''
PACKAGE_NAME=''
PACKAGE_STRING=''
PACKAGE_TARNAME=''
PACKAGE_VERSION=''
PATH_SEPARATOR=':'
PYTHON_BIN='/usr/bin/python'
SET_MAKE=''
SHELL='/bin/sh'
SOLARIS_HACKS=''
STATIC='no_static'
SYSCONFDIR=''
TEST_MOD_PYTHON_SO='/home/cheungssh/soft/mod_python-3.5.0/src/mod_python.so'
TEST_SERVER_ROOT='/home/cheungssh/soft/mod_python-3.5.0/test'
ac_ct_CC='gcc'
bindir='${exec_prefix}/bin'
build_alias=''
datadir='${datarootdir}'
datarootdir='${prefix}/share'
docdir='${datarootdir}/doc/${PACKAGE}'
dvidir='${docdir}'
exec_prefix='${prefix}'
host_alias=''
htmldir='${docdir}'
includedir='${prefix}/include'
infodir='${datarootdir}/info'
libdir='${exec_prefix}/lib'
libexecdir='${exec_prefix}/libexec'
localedir='${datarootdir}/locale'
localstatedir='${prefix}/var'
mandir='${datarootdir}/man'
oldincludedir='/usr/include'
pdfdir='${docdir}'
prefix='/usr/local'
program_transform_name='s,x,x,'
psdir='${docdir}'
sbindir='${exec_prefix}/sbin'
sharedstatedir='${prefix}/com'
sysconfdir='${prefix}/etc'
target_alias=''

## ----------- ##
## confdefs.h. ##
## ----------- ##

#define PACKAGE_NAME ""
#define PACKAGE_TARNAME ""
#define PACKAGE_VERSION ""
#define PACKAGE_STRING ""
#define PACKAGE_BUGREPORT ""
#define HAVE_LIBM 1

configure: exit 0
